2022-01-21 23:31:37.908  INFO 8840 --- [main] top.Elsa.LogApplication               : Starting LogApplication using Java 12.0.1 on DESKTOP-LTIN79F with PID 8840 (D:\ideacode\spring-boot-study\springboot_11_log\target\classes started by Elsa_zlt in D:\ideacode\spring-boot-study)
2022-01-21 23:31:37.911  INFO 8840 --- [main] top.Elsa.LogApplication               : No active profile set, falling back to default profiles: default
2022-01-21 23:31:38.856  INFO 8840 --- [main] o.s.b.w.embedded.tomcat.TomcatWebServer  : Tomcat initialized with port(s): 8080 (http)
2022-01-21 23:31:38.864  INFO 8840 --- [main] o.apache.catalina.core.StandardService   : Starting service [Tomcat]
2022-01-21 23:31:38.865  INFO 8840 --- [main] org.apache.catalina.core.StandardEngine  : Starting Servlet engine: [Apache Tomcat/9.0.56]
2022-01-21 23:31:38.868  WARN 8840 --- [main] o.a.catalina.core.AprLifecycleListener   : This listener must only be nested within Server elements, but is in [TomcatEmbeddedContext].
2022-01-21 23:31:38.869  INFO 8840 --- [main] o.a.catalina.core.AprLifecycleListener   : Loaded Apache Tomcat Native library [1.2.31] using APR version [1.7.0].
2022-01-21 23:31:38.869  INFO 8840 --- [main] o.a.catalina.core.AprLifecycleListener   : APR capabilities: IPv6 [true], sendfile [true], accept filters [false], random [true], UDS [true].
2022-01-21 23:31:38.869  INFO 8840 --- [main] o.a.catalina.core.AprLifecycleListener   : APR/OpenSSL configuration: useAprConnector [false], useOpenSSL [true]
2022-01-21 23:31:38.875  INFO 8840 --- [main] o.a.catalina.core.AprLifecycleListener   : OpenSSL successfully initialized [OpenSSL 1.1.1l  24 Aug 2021]
2022-01-21 23:31:38.970  INFO 8840 --- [main] o.a.c.c.C.[Tomcat].[localhost].[/]       : Initializing Spring embedded WebApplicationContext
2022-01-21 23:31:38.970  INFO 8840 --- [main] w.s.c.ServletWebServerApplicationContext : Root WebApplicationContext: initialization completed in 971 ms
2022-01-21 23:31:39.269  INFO 8840 --- [main] o.s.b.w.embedded.tomcat.TomcatWebServer  : Tomcat started on port(s): 8080 (http) with context path ''
2022-01-21 23:31:39.280  INFO 8840 --- [main] top.Elsa.LogApplication               : Started LogApplication in 1.978 seconds (JVM running for 4.391)
2022-01-21 23:31:43.822  INFO 8840 --- [http-nio-8080-exec-1] o.a.c.c.C.[Tomcat].[localhost].[/]       : Initializing Spring DispatcherServlet 'dispatcherServlet'
2022-01-21 23:31:43.823  INFO 8840 --- [http-nio-8080-exec-1] o.s.web.servlet.DispatcherServlet        : Initializing Servlet 'dispatcherServlet'
2022-01-21 23:31:43.824  INFO 8840 --- [http-nio-8080-exec-1] o.s.web.servlet.DispatcherServlet        : Completed initialization in 1 ms
2022-01-21 23:31:43.843  WARN 8840 --- [http-nio-8080-exec-1] t.j.controller.BookController_lombok     : log warn ...
2022-01-21 23:31:43.843 ERROR 8840 --- [http-nio-8080-exec-1] t.j.controller.BookController_lombok     : log error ...
2022-01-21 23:31:44.315  WARN 8840 --- [http-nio-8080-exec-2] t.j.controller.BookController_lombok     : log warn ...
2022-01-21 23:31:44.315 ERROR 8840 --- [http-nio-8080-exec-2] t.j.controller.BookController_lombok     : log error ...
2022-01-21 23:31:44.549  WARN 8840 --- [http-nio-8080-exec-3] t.j.controller.BookController_lombok     : log warn ...
2022-01-21 23:31:44.549 ERROR 8840 --- [http-nio-8080-exec-3] t.j.controller.BookController_lombok     : log error ...
2022-01-21 23:31:44.765  WARN 8840 --- [http-nio-8080-exec-4] t.j.controller.BookController_lombok     : log warn ...
2022-01-21 23:31:44.765 ERROR 8840 --- [http-nio-8080-exec-4] t.j.controller.BookController_lombok     : log error ...
2022-01-21 23:31:44.949  WARN 8840 --- [http-nio-8080-exec-5] t.j.controller.BookController_lombok     : log warn ...
2022-01-21 23:31:44.949 ERROR 8840 --- [http-nio-8080-exec-5] t.j.controller.BookController_lombok     : log error ...
2022-01-21 23:31:45.096  WARN 8840 --- [http-nio-8080-exec-6] t.j.controller.BookController_lombok     : log warn ...
2022-01-21 23:31:45.097 ERROR 8840 --- [http-nio-8080-exec-6] t.j.controller.BookController_lombok     : log error ...
2022-01-21 23:31:45.219  WARN 8840 --- [http-nio-8080-exec-7] t.j.controller.BookController_lombok     : log warn ...
2022-01-21 23:31:45.220 ERROR 8840 --- [http-nio-8080-exec-7] t.j.controller.BookController_lombok     : log error ...
